<?xml version="1.0" encoding="UTF-8"?>
<!-- Generated by org.testng.reporters.JUnitXMLReporter -->
<testsuite ignored="48" hostname="yash-Latitude-3420" failures="0" tests="25" name="Test" time="343.325" errors="0" timestamp="13 Apr 2022 10:16:19 GMT">
  <testcase classname="workingTestscripts.ReassigningLeadTest" name="@BeforeTest adminLogin" time="81.874">
    <failure type="org.openqa.selenium.WebDriverException" message="unknown error: DevToolsActivePort file doesn&amp;apos;t exist
Build info: version: &amp;apos;3.4.0&amp;apos;, revision: &amp;apos;unknown&amp;apos;, time: &amp;apos;unknown&amp;apos;
System info: host: &amp;apos;yash-Latitude-3420&amp;apos;, ip: &amp;apos;127.0.1.1&amp;apos;, os.name: &amp;apos;Linux&amp;apos;, os.arch: &amp;apos;amd64&amp;apos;, os.version: &amp;apos;5.14.0-1032-oem&amp;apos;, java.version: &amp;apos;17.0.2&amp;apos;
Driver info: driver.version: ChromeDriver
remote stacktrace: #0 0x560275c357d3 &amp;lt;unknown&amp;gt;
#1 0x560275991688 &amp;lt;unknown&amp;gt;
#2 0x5602759b7752 &amp;lt;unknown&amp;gt;
#3 0x5602759b3c58 &amp;lt;unknown&amp;gt;
#4 0x5602759b068f &amp;lt;unknown&amp;gt;
#5 0x5602759eb355 &amp;lt;unknown&amp;gt;
#6 0x5602759e55a3 &amp;lt;unknown&amp;gt;
#7 0x5602759baddc &amp;lt;unknown&amp;gt;
#8 0x5602759bbde5 &amp;lt;unknown&amp;gt;
#9 0x560275c6649d &amp;lt;unknown&amp;gt;
#10 0x560275c7f60c &amp;lt;unknown&amp;gt;
#11 0x560275c68205 &amp;lt;unknown&amp;gt;
#12 0x560275c7fee5 &amp;lt;unknown&amp;gt;
#13 0x560275c5c070 &amp;lt;unknown&amp;gt;
#14 0x560275c9b488 &amp;lt;unknown&amp;gt;
#15 0x560275c9b60c &amp;lt;unknown&amp;gt;
#16 0x560275cb4c6d &amp;lt;unknown&amp;gt;
#17 0x7f46bdf7d609 &amp;lt;unknown&amp;gt;
">
      <![CDATA[org.openqa.selenium.WebDriverException: unknown error: DevToolsActivePort file doesn't exist
Build info: version: '3.4.0', revision: 'unknown', time: 'unknown'
System info: host: 'yash-Latitude-3420', ip: '127.0.1.1', os.name: 'Linux', os.arch: 'amd64', os.version: '5.14.0-1032-oem', java.version: '17.0.2'
Driver info: driver.version: ChromeDriver
remote stacktrace: #0 0x560275c357d3 <unknown>
#1 0x560275991688 <unknown>
#2 0x5602759b7752 <unknown>
#3 0x5602759b3c58 <unknown>
#4 0x5602759b068f <unknown>
#5 0x5602759eb355 <unknown>
#6 0x5602759e55a3 <unknown>
#7 0x5602759baddc <unknown>
#8 0x5602759bbde5 <unknown>
#9 0x560275c6649d <unknown>
#10 0x560275c7f60c <unknown>
#11 0x560275c68205 <unknown>
#12 0x560275c7fee5 <unknown>
#13 0x560275c5c070 <unknown>
#14 0x560275c9b488 <unknown>
#15 0x560275c9b60c <unknown>
#16 0x560275cb4c6d <unknown>
#17 0x7f46bdf7d609 <unknown>

	at org.openqa.selenium.remote.W3CHandshakeResponse.lambda$new$0(W3CHandshakeResponse.java:57)
	at org.openqa.selenium.remote.W3CHandshakeResponse.lambda$getResponseFunction$2(W3CHandshakeResponse.java:104)
	at org.openqa.selenium.remote.ProtocolHandshake.lambda$createSession$22(ProtocolHandshake.java:365)
	at java.base/java.util.stream.ReferencePipeline$3$1.accept(ReferencePipeline.java:197)
	at java.base/java.util.Spliterators$ArraySpliterator.tryAdvance(Spliterators.java:1002)
	at java.base/java.util.stream.ReferencePipeline.forEachWithCancel(ReferencePipeline.java:129)
	at java.base/java.util.stream.AbstractPipeline.copyIntoWithCancel(AbstractPipeline.java:527)
	at java.base/java.util.stream.AbstractPipeline.copyInto(AbstractPipeline.java:513)
	at java.base/java.util.stream.AbstractPipeline.wrapAndCopyInto(AbstractPipeline.java:499)
	at java.base/java.util.stream.FindOps$FindOp.evaluateSequential(FindOps.java:150)
	at java.base/java.util.stream.AbstractPipeline.evaluate(AbstractPipeline.java:234)
	at java.base/java.util.stream.ReferencePipeline.findFirst(ReferencePipeline.java:647)
	at org.openqa.selenium.remote.ProtocolHandshake.createSession(ProtocolHandshake.java:368)
	at org.openqa.selenium.remote.ProtocolHandshake.createSession(ProtocolHandshake.java:159)
	at org.openqa.selenium.remote.HttpCommandExecutor.execute(HttpCommandExecutor.java:142)
	at org.openqa.selenium.remote.service.DriverCommandExecutor.execute(DriverCommandExecutor.java:82)
	at org.openqa.selenium.remote.RemoteWebDriver.execute(RemoteWebDriver.java:637)
	at org.openqa.selenium.remote.RemoteWebDriver.startSession(RemoteWebDriver.java:250)
	at org.openqa.selenium.remote.RemoteWebDriver.startSession(RemoteWebDriver.java:236)
	at org.openqa.selenium.remote.RemoteWebDriver.<init>(RemoteWebDriver.java:137)
	at org.openqa.selenium.chrome.ChromeDriver.<init>(ChromeDriver.java:184)
	at org.openqa.selenium.chrome.ChromeDriver.<init>(ChromeDriver.java:148)
	at utility.SetUp.mysetUp(SetUp.java:81)
	at workingTestscripts.ReassigningLeadTest.adminLogin(ReassigningLeadTest.java:36)
... Removed 28 stack frames]]>
    </failure>
  </testcase> <!-- @BeforeTest adminLogin -->
  <testcase classname="workingTestscripts.SalesManager_LoginTest" name="@BeforeTest presales_LoginTest" time="0.0">
    <skipped/>
  </testcase> <!-- @BeforeTest presales_LoginTest -->
  <testcase classname="workingTestscripts.Sales_LoginTest" name="@BeforeTest presales_LoginTest" time="0.0">
    <skipped/>
  </testcase> <!-- @BeforeTest presales_LoginTest -->
  <testcase classname="workingTestscripts.SendingEmailTest" name="@BeforeTest sales_presalesLogin" time="0.0">
    <skipped/>
  </testcase> <!-- @BeforeTest sales_presalesLogin -->
  <testcase classname="workingTestscripts.SendingEmailWithCCandBCCTest" name="@BeforeTest sales_presalesLogin" time="0.0">
    <skipped/>
  </testcase> <!-- @BeforeTest sales_presalesLogin -->
  <testcase classname="workingTestscripts.SendingEmailWithTemplateTest" name="@BeforeTest sales_presalesLogin" time="0.0">
    <skipped/>
  </testcase> <!-- @BeforeTest sales_presalesLogin -->
  <testcase classname="workingTestscripts.SupportManager_LoginTest" name="@BeforeTest admin_LoginTest" time="0.0">
    <skipped/>
  </testcase> <!-- @BeforeTest admin_LoginTest -->
  <testcase classname="workingTestscripts.TodaysFollowup_VerificationTest" name="@BeforeTest appLogin" time="0.0">
    <skipped/>
  </testcase> <!-- @BeforeTest appLogin -->
  <testcase classname="workingTestscripts.TodaysSitevisit_VerificationTest" name="@BeforeTest appLogin" time="0.0">
    <skipped/>
  </testcase> <!-- @BeforeTest appLogin -->
  <testcase classname="workingTestscripts.AddConductedSiteVisitTest" name="@AfterTest endingTest" time="0.0">
    <skipped/>
  </testcase> <!-- @AfterTest endingTest -->
  <testcase classname="workingTestscripts.AddingANoteTest" name="@AfterTest endingTest" time="0.0">
    <skipped/>
  </testcase> <!-- @AfterTest endingTest -->
  <testcase classname="workingTestscripts.Admin_LoginTest" name="@AfterTest endingTest" time="0.0">
    <skipped/>
  </testcase> <!-- @AfterTest endingTest -->
  <testcase classname="workingTestscripts.ChangingStage_IncomingToProspectTest" name="@AfterTest endingTest" time="0.0">
    <skipped/>
  </testcase> <!-- @AfterTest endingTest -->
  <testcase classname="workingTestscripts.ClientCreationPostPaid" name="@AfterTest endingTest" time="0.0">
    <skipped/>
  </testcase> <!-- @AfterTest endingTest -->
  <testcase classname="workingTestscripts.FollowupTests" name="@AfterTest endingTest" time="0.0">
    <skipped/>
  </testcase> <!-- @AfterTest endingTest -->
  <testcase classname="workingTestscripts.MissedCalls_VerificationTest" name="@AfterTest endingTest" time="0.0">
    <skipped/>
  </testcase> <!-- @AfterTest endingTest -->
  <testcase classname="workingTestscripts.MissedFollowup_VerificationTest" name="@AfterTest endingTest" time="0.0">
    <skipped/>
  </testcase> <!-- @AfterTest endingTest -->
  <testcase classname="workingTestscripts.MissedSitevisit_VerificationTest" name="@AfterTest endingTest" time="0.0">
    <skipped/>
  </testcase> <!-- @AfterTest endingTest -->
  <testcase classname="workingTestscripts.NFA_VerificationTest" name="@AfterTest endingTest" time="0.0">
    <skipped/>
  </testcase> <!-- @AfterTest endingTest -->
  <testcase classname="workingTestscripts.NewEnquiries_VerificationTest" name="@AfterTest endingTest" time="0.0">
    <skipped/>
  </testcase> <!-- @AfterTest endingTest -->
  <testcase classname="workingTestscripts.PostSalesManager_LoginTest" name="@AfterTest endingTest" time="0.0">
    <skipped/>
  </testcase> <!-- @AfterTest endingTest -->
  <testcase classname="workingTestscripts.Postsales_LoginTest" name="@AfterTest endingTest" time="0.0">
    <skipped/>
  </testcase> <!-- @AfterTest endingTest -->
  <testcase classname="workingTestscripts.PresalesManager_LoginTest" name="@AfterTest endingTest" time="0.0">
    <skipped/>
  </testcase> <!-- @AfterTest endingTest -->
  <testcase classname="workingTestscripts.Presales_LoginTest" name="@AfterTest endingTest" time="0.0">
    <skipped/>
  </testcase> <!-- @AfterTest endingTest -->
  <testcase classname="workingTestscripts.ReassigningLeadTest" name="@AfterTest endingTest" time="0.0">
    <skipped/>
  </testcase> <!-- @AfterTest endingTest -->
  <testcase classname="workingTestscripts.SalesManager_LoginTest" name="@AfterTest endingTest" time="0.0">
    <skipped/>
  </testcase> <!-- @AfterTest endingTest -->
  <testcase classname="workingTestscripts.Sales_LoginTest" name="@AfterTest endingTest" time="0.0">
    <skipped/>
  </testcase> <!-- @AfterTest endingTest -->
  <testcase classname="workingTestscripts.SendingEmailTest" name="@AfterTest endingTest" time="0.0">
    <skipped/>
  </testcase> <!-- @AfterTest endingTest -->
  <testcase classname="workingTestscripts.SendingEmailWithCCandBCCTest" name="@AfterTest endingTest" time="0.0">
    <skipped/>
  </testcase> <!-- @AfterTest endingTest -->
  <testcase classname="workingTestscripts.SendingEmailWithTemplateTest" name="@AfterTest endingTest" time="0.0">
    <skipped/>
  </testcase> <!-- @AfterTest endingTest -->
  <testcase classname="workingTestscripts.SupportManager_LoginTest" name="@AfterTest endingTest" time="0.0">
    <skipped/>
  </testcase> <!-- @AfterTest endingTest -->
  <testcase classname="workingTestscripts.TodaysFollowup_VerificationTest" name="@AfterTest endingTest" time="0.0">
    <skipped/>
  </testcase> <!-- @AfterTest endingTest -->
  <testcase classname="workingTestscripts.TodaysSitevisit_VerificationTest" name="@AfterTest endingTest" time="0.0">
    <skipped/>
  </testcase> <!-- @AfterTest endingTest -->
  <testcase classname="workingTestscripts.NewEnquiries_VerificationTest" name="newEnquiries_VerificationTest" time="0.001">
    <skipped/>
  </testcase> <!-- newEnquiries_VerificationTest -->
  <testcase classname="workingTestscripts.NFA_VerificationTest" name="nFA_VerificationTest" time="0.001">
    <skipped/>
  </testcase> <!-- nFA_VerificationTest -->
  <testcase classname="workingTestscripts.SalesManager_LoginTest" name="salesManagerLoginTest" time="0.0">
    <skipped/>
  </testcase> <!-- salesManagerLoginTest -->
  <testcase classname="workingTestscripts.TodaysFollowup_VerificationTest" name="todaysFollowup_VerificationTest" time="0.0">
    <skipped/>
  </testcase> <!-- todaysFollowup_VerificationTest -->
  <testcase classname="workingTestscripts.SuperAdmin_LoginTest" name="superAdmin_LoginTest" time="0.0">
    <skipped/>
  </testcase> <!-- superAdmin_LoginTest -->
  <testcase classname="workingTestscripts.AddConductedSiteVisitTest" name="addConductedSiteVisitTest" time="0.0">
    <skipped/>
  </testcase> <!-- addConductedSiteVisitTest -->
  <testcase classname="workingTestscripts.Presales_LoginTest" name="presalesLoginTest" time="0.0">
    <skipped/>
  </testcase> <!-- presalesLoginTest -->
  <testcase classname="workingTestscripts.TodaysSitevisit_VerificationTest" name="todaysSitevisit_VerificationTest" time="0.0">
    <skipped/>
  </testcase> <!-- todaysSitevisit_VerificationTest -->
  <testcase classname="workingTestscripts.ClientCreationPostPaid" name="creatingClientfromSupport" time="0.0">
    <skipped/>
  </testcase> <!-- creatingClientfromSupport -->
  <testcase classname="workingTestscripts.AddingANoteTest" name="addingNoteTest" time="0.0">
    <skipped/>
  </testcase> <!-- addingNoteTest -->
  <testcase classname="workingTestscripts.SendingEmailWithTemplateTest" name="sendingEmailWithTemplateTest" time="0.0">
    <skipped/>
  </testcase> <!-- sendingEmailWithTemplateTest -->
  <testcase classname="workingTestscripts.MissedFollowup_VerificationTest" name="missedFollowup_VerificationTest" time="0.0">
    <skipped/>
  </testcase> <!-- missedFollowup_VerificationTest -->
  <testcase classname="workingTestscripts.SupportManager_LoginTest" name="supportManager_LoginTest" time="0.025">
    <skipped/>
  </testcase> <!-- supportManager_LoginTest -->
  <testcase classname="workingTestscripts.ReassigningLeadTest" name="reassigningLeadTest" time="0.0">
    <skipped/>
  </testcase> <!-- reassigningLeadTest -->
  <testcase classname="workingTestscripts.MissedSitevisit_VerificationTest" name="missedSitevisit_VerificationTest" time="0.0">
    <skipped/>
  </testcase> <!-- missedSitevisit_VerificationTest -->
  <testcase classname="workingTestscripts.Sales_LoginTest" name="salesLoginTest" time="0.0">
    <skipped/>
  </testcase> <!-- salesLoginTest -->
  <testcase classname="workingTestscripts.MissedCalls_VerificationTest" name="missedCalls_VerificationTest" time="0.0">
    <skipped/>
  </testcase> <!-- missedCalls_VerificationTest -->
  <testcase classname="workingTestscripts.ChangingStage_IncomingToProspectTest" name="changingStage_IncomingToProspectTest" time="0.0">
    <skipped/>
  </testcase> <!-- changingStage_IncomingToProspectTest -->
  <testcase classname="workingTestscripts.SendingEmailTest" name="sendingEmailTest" time="0.0">
    <skipped/>
  </testcase> <!-- sendingEmailTest -->
  <testcase classname="workingTestscripts.PostSalesManager_LoginTest" name="postsalesManagerLoginTest" time="0.0">
    <skipped/>
  </testcase> <!-- postsalesManagerLoginTest -->
  <testcase classname="workingTestscripts.Postsales_LoginTest" name="postsalesLoginTest" time="0.0">
    <skipped/>
  </testcase> <!-- postsalesLoginTest -->
  <testcase classname="workingTestscripts.Admin_LoginTest" name="adminLoginTest" time="0.0">
    <skipped/>
  </testcase> <!-- adminLoginTest -->
  <testcase classname="workingTestscripts.SendingEmailWithCCandBCCTest" name="sendingEmailWithCCandBCCTest" time="0.0">
    <skipped/>
  </testcase> <!-- sendingEmailWithCCandBCCTest -->
  <testcase classname="workingTestscripts.PresalesManager_LoginTest" name="presalesManagerLoginTest" time="0.0">
    <skipped/>
  </testcase> <!-- presalesManagerLoginTest -->
  <testcase classname="workingTestscripts.FollowupTests" name="scheduleFollowup" time="0.0">
    <skipped/>
  </testcase> <!-- scheduleFollowup -->
  <testcase classname="utility.SetUp" name="@BeforeSuite setUp" time="0.0">
    <ignored/>
  </testcase> <!-- @BeforeSuite setUp -->
  <testcase classname="utility.SetUp" name="@BeforeSuite setUp" time="0.0">
    <ignored/>
  </testcase> <!-- @BeforeSuite setUp -->
  <testcase classname="utility.SetUp" name="@BeforeSuite setUp" time="0.0">
    <ignored/>
  </testcase> <!-- @BeforeSuite setUp -->
  <testcase classname="utility.SetUp" name="@BeforeSuite setUp" time="0.0">
    <ignored/>
  </testcase> <!-- @BeforeSuite setUp -->
  <testcase classname="utility.SetUp" name="@BeforeSuite setUp" time="0.0">
    <ignored/>
  </testcase> <!-- @BeforeSuite setUp -->
  <testcase classname="utility.SetUp" name="@BeforeSuite setUp" time="0.0">
    <ignored/>
  </testcase> <!-- @BeforeSuite setUp -->
  <testcase classname="utility.SetUp" name="@BeforeSuite setUp" time="0.0">
    <ignored/>
  </testcase> <!-- @BeforeSuite setUp -->
  <testcase classname="utility.SetUp" name="@BeforeSuite setUp" time="0.0">
    <ignored/>
  </testcase> <!-- @BeforeSuite setUp -->
  <testcase classname="utility.SetUp" name="@BeforeSuite setUp" time="0.0">
    <ignored/>
  </testcase> <!-- @BeforeSuite setUp -->
  <testcase classname="utility.SetUp" name="@BeforeSuite setUp" time="0.0">
    <ignored/>
  </testcase> <!-- @BeforeSuite setUp -->
  <testcase classname="utility.SetUp" name="@BeforeSuite setUp" time="0.0">
    <ignored/>
  </testcase> <!-- @BeforeSuite setUp -->
  <testcase classname="utility.SetUp" name="@BeforeSuite setUp" time="0.0">
    <ignored/>
  </testcase> <!-- @BeforeSuite setUp -->
  <testcase classname="utility.SetUp" name="@BeforeSuite setUp" time="0.0">
    <ignored/>
  </testcase> <!-- @BeforeSuite setUp -->
  <testcase classname="utility.SetUp" name="@BeforeSuite setUp" time="0.0">
    <ignored/>
  </testcase> <!-- @BeforeSuite setUp -->
  <testcase classname="utility.SetUp" name="@BeforeSuite setUp" time="0.0">
    <ignored/>
  </testcase> <!-- @BeforeSuite setUp -->
  <testcase classname="utility.SetUp" name="@BeforeSuite setUp" time="0.0">
    <ignored/>
  </testcase> <!-- @BeforeSuite setUp -->
  <testcase classname="utility.SetUp" name="@BeforeSuite setUp" time="0.0">
    <ignored/>
  </testcase> <!-- @BeforeSuite setUp -->
  <testcase classname="utility.SetUp" name="@BeforeSuite setUp" time="0.0">
    <ignored/>
  </testcase> <!-- @BeforeSuite setUp -->
  <testcase classname="utility.SetUp" name="@BeforeSuite setUp" time="0.0">
    <ignored/>
  </testcase> <!-- @BeforeSuite setUp -->
  <testcase classname="utility.SetUp" name="@BeforeSuite setUp" time="0.0">
    <ignored/>
  </testcase> <!-- @BeforeSuite setUp -->
  <testcase classname="utility.SetUp" name="@BeforeSuite setUp" time="0.0">
    <ignored/>
  </testcase> <!-- @BeforeSuite setUp -->
  <testcase classname="utility.SetUp" name="@BeforeSuite setUp" time="0.0">
    <ignored/>
  </testcase> <!-- @BeforeSuite setUp -->
  <testcase classname="utility.SetUp" name="@BeforeSuite setUp" time="0.0">
    <ignored/>
  </testcase> <!-- @BeforeSuite setUp -->
  <testcase classname="utility.SetUp" name="@BeforeSuite setUp" time="0.0">
    <ignored/>
  </testcase> <!-- @BeforeSuite setUp -->
  <testcase classname="utility.SetUp" name="@AfterSuite tearDown" time="0.0">
    <ignored/>
  </testcase> <!-- @AfterSuite tearDown -->
  <testcase classname="utility.SetUp" name="@AfterSuite tearDown" time="0.0">
    <ignored/>
  </testcase> <!-- @AfterSuite tearDown -->
  <testcase classname="utility.SetUp" name="@AfterSuite tearDown" time="0.0">
    <ignored/>
  </testcase> <!-- @AfterSuite tearDown -->
  <testcase classname="utility.SetUp" name="@AfterSuite tearDown" time="0.0">
    <ignored/>
  </testcase> <!-- @AfterSuite tearDown -->
  <testcase classname="utility.SetUp" name="@AfterSuite tearDown" time="0.0">
    <ignored/>
  </testcase> <!-- @AfterSuite tearDown -->
  <testcase classname="utility.SetUp" name="@AfterSuite tearDown" time="0.0">
    <ignored/>
  </testcase> <!-- @AfterSuite tearDown -->
  <testcase classname="utility.SetUp" name="@AfterSuite tearDown" time="0.0">
    <ignored/>
  </testcase> <!-- @AfterSuite tearDown -->
  <testcase classname="utility.SetUp" name="@AfterSuite tearDown" time="0.0">
    <ignored/>
  </testcase> <!-- @AfterSuite tearDown -->
  <testcase classname="utility.SetUp" name="@AfterSuite tearDown" time="0.0">
    <ignored/>
  </testcase> <!-- @AfterSuite tearDown -->
  <testcase classname="utility.SetUp" name="@AfterSuite tearDown" time="0.0">
    <ignored/>
  </testcase> <!-- @AfterSuite tearDown -->
  <testcase classname="utility.SetUp" name="@AfterSuite tearDown" time="0.0">
    <ignored/>
  </testcase> <!-- @AfterSuite tearDown -->
  <testcase classname="utility.SetUp" name="@AfterSuite tearDown" time="0.0">
    <ignored/>
  </testcase> <!-- @AfterSuite tearDown -->
  <testcase classname="utility.SetUp" name="@AfterSuite tearDown" time="0.0">
    <ignored/>
  </testcase> <!-- @AfterSuite tearDown -->
  <testcase classname="utility.SetUp" name="@AfterSuite tearDown" time="0.0">
    <ignored/>
  </testcase> <!-- @AfterSuite tearDown -->
  <testcase classname="utility.SetUp" name="@AfterSuite tearDown" time="0.0">
    <ignored/>
  </testcase> <!-- @AfterSuite tearDown -->
  <testcase classname="utility.SetUp" name="@AfterSuite tearDown" time="0.0">
    <ignored/>
  </testcase> <!-- @AfterSuite tearDown -->
  <testcase classname="utility.SetUp" name="@AfterSuite tearDown" time="0.0">
    <ignored/>
  </testcase> <!-- @AfterSuite tearDown -->
  <testcase classname="utility.SetUp" name="@AfterSuite tearDown" time="0.0">
    <ignored/>
  </testcase> <!-- @AfterSuite tearDown -->
  <testcase classname="utility.SetUp" name="@AfterSuite tearDown" time="0.0">
    <ignored/>
  </testcase> <!-- @AfterSuite tearDown -->
  <testcase classname="utility.SetUp" name="@AfterSuite tearDown" time="0.0">
    <ignored/>
  </testcase> <!-- @AfterSuite tearDown -->
  <testcase classname="utility.SetUp" name="@AfterSuite tearDown" time="0.0">
    <ignored/>
  </testcase> <!-- @AfterSuite tearDown -->
  <testcase classname="utility.SetUp" name="@AfterSuite tearDown" time="0.0">
    <ignored/>
  </testcase> <!-- @AfterSuite tearDown -->
  <testcase classname="utility.SetUp" name="@AfterSuite tearDown" time="0.0">
    <ignored/>
  </testcase> <!-- @AfterSuite tearDown -->
  <testcase classname="utility.SetUp" name="@AfterSuite tearDown" time="0.0">
    <ignored/>
  </testcase> <!-- @AfterSuite tearDown -->
</testsuite> <!-- Test -->
